Replace Part C1 08053D105KAT2A in C:\Users\alber\Dropbox\Learn Altium Essentials - July 2021\2021_PCB_Project_PowerBoard\ISL6236A_DEMO.SchDoc with 08053D105KAT2A from ISL6236A_DEMO.SchLib
Replace Part C2 LMK316BJ475KD-T in C:\Users\alber\Dropbox\Learn Altium Essentials - July 2021\2021_PCB_Project_PowerBoard\ISL6236A_DEMO.SchDoc with LMK316BJ475KD-T from ISL6236A_DEMO.SchLib
Replace Part C3 C2012X7R1H105K125AB in C:\Users\alber\Dropbox\Learn Altium Essentials - July 2021\2021_PCB_Project_PowerBoard\ISL6236A_DEMO.SchDoc with C2012X7R1H105K125AB from ISL6236A_DEMO.SchLib
Replace Part C4 UMK325BJ106MMHP in C:\Users\alber\Dropbox\Learn Altium Essentials - July 2021\2021_PCB_Project_PowerBoard\ISL6236A_DEMO.SchDoc with UMK325BJ106MMHP from ISL6236A_DEMO.SchLib
Replace Part C5 C2012X7R1H105K125AB in C:\Users\alber\Dropbox\Learn Altium Essentials - July 2021\2021_PCB_Project_PowerBoard\ISL6236A_DEMO.SchDoc with C2012X7R1H105K125AB from ISL6236A_DEMO.SchLib
Replace Part C6 UMK325BJ106MMHP in C:\Users\alber\Dropbox\Learn Altium Essentials - July 2021\2021_PCB_Project_PowerBoard\ISL6236A_DEMO.SchDoc with UMK325BJ106MMHP from ISL6236A_DEMO.SchLib
Replace Part C7 08055C104KAT4A in C:\Users\alber\Dropbox\Learn Altium Essentials - July 2021\2021_PCB_Project_PowerBoard\ISL6236A_DEMO.SchDoc with 08055C104KAT4A from ISL6236A_DEMO.SchLib
Replace Part C8 UMK212B7224KG-T in C:\Users\alber\Dropbox\Learn Altium Essentials - July 2021\2021_PCB_Project_PowerBoard\ISL6236A_DEMO.SchDoc with UMK212B7224KG-T from ISL6236A_DEMO.SchLib
Replace Part C9 T530X337M010ATE004 in C:\Users\alber\Dropbox\Learn Altium Essentials - July 2021\2021_PCB_Project_PowerBoard\ISL6236A_DEMO.SchDoc with T530X337M010ATE004 from ISL6236A_DEMO.SchLib
Replace Part C10 T530X337M010ATE004 in C:\Users\alber\Dropbox\Learn Altium Essentials - July 2021\2021_PCB_Project_PowerBoard\ISL6236A_DEMO.SchDoc with T530X337M010ATE004 from ISL6236A_DEMO.SchLib
Replace Part C11 UMK325BJ106MMHP in C:\Users\alber\Dropbox\Learn Altium Essentials - July 2021\2021_PCB_Project_PowerBoard\ISL6236A_DEMO.SchDoc with UMK325BJ106MMHP from ISL6236A_DEMO.SchLib
Replace Part C12 08055C104KAT4A in C:\Users\alber\Dropbox\Learn Altium Essentials - July 2021\2021_PCB_Project_PowerBoard\ISL6236A_DEMO.SchDoc with 08055C104KAT4A from ISL6236A_DEMO.SchLib
Replace Part J1 PAD_WITH_HOLE_4MMx1.5MM in C:\Users\alber\Dropbox\Learn Altium Essentials - July 2021\2021_PCB_Project_PowerBoard\ISL6236A_DEMO.SchDoc with PAD_WITH_HOLE_4MMx1.5MM from ISL6236A_DEMO.SchLib
Replace Part J2 PAD_WITH_HOLE_4MMx1.5MM in C:\Users\alber\Dropbox\Learn Altium Essentials - July 2021\2021_PCB_Project_PowerBoard\ISL6236A_DEMO.SchDoc with PAD_WITH_HOLE_4MMx1.5MM from ISL6236A_DEMO.SchLib
Replace Part J3 PAD_WITH_HOLE_4MMx1.5MM in C:\Users\alber\Dropbox\Learn Altium Essentials - July 2021\2021_PCB_Project_PowerBoard\ISL6236A_DEMO.SchDoc with PAD_WITH_HOLE_4MMx1.5MM from ISL6236A_DEMO.SchLib
Replace Part J4 PAD_WITH_HOLE_4MMx1.5MM in C:\Users\alber\Dropbox\Learn Altium Essentials - July 2021\2021_PCB_Project_PowerBoard\ISL6236A_DEMO.SchDoc with PAD_WITH_HOLE_4MMx1.5MM from ISL6236A_DEMO.SchLib
Replace Part J5 PAD_WITH_HOLE_4MMx1.5MM in C:\Users\alber\Dropbox\Learn Altium Essentials - July 2021\2021_PCB_Project_PowerBoard\ISL6236A_DEMO.SchDoc with PAD_WITH_HOLE_4MMx1.5MM from ISL6236A_DEMO.SchLib
Replace Part J6 PAD_WITH_HOLE_4MMx1.5MM in C:\Users\alber\Dropbox\Learn Altium Essentials - July 2021\2021_PCB_Project_PowerBoard\ISL6236A_DEMO.SchDoc with PAD_WITH_HOLE_4MMx1.5MM from ISL6236A_DEMO.SchLib
Replace Part L1 744313330 in C:\Users\alber\Dropbox\Learn Altium Essentials - July 2021\2021_PCB_Project_PowerBoard\ISL6236A_DEMO.SchDoc with 744313330 from ISL6236A_DEMO.SchLib
Replace Part L2 ETQP4M2R2KVC in C:\Users\alber\Dropbox\Learn Altium Essentials - July 2021\2021_PCB_Project_PowerBoard\ISL6236A_DEMO.SchDoc with ETQP4M2R2KVC from ISL6236A_DEMO.SchLib
Replace Part Q1 SI4816BDY-T1-E3 in C:\Users\alber\Dropbox\Learn Altium Essentials - July 2021\2021_PCB_Project_PowerBoard\ISL6236A_DEMO.SchDoc with SI4816BDY-T1-E3 from ISL6236A_DEMO.SchLib
Replace Part Q2 SI4816BDY-T1-E3 in C:\Users\alber\Dropbox\Learn Altium Essentials - July 2021\2021_PCB_Project_PowerBoard\ISL6236A_DEMO.SchDoc with SI4816BDY-T1-E3 from ISL6236A_DEMO.SchLib
Replace Part R1 RMCF0805ZT0R00 in C:\Users\alber\Dropbox\Learn Altium Essentials - July 2021\2021_PCB_Project_PowerBoard\ISL6236A_DEMO.SchDoc with RMCF0805ZT0R00 from ISL6236A_DEMO.SchLib
Replace Part R2 RNCF0805AKT10R0 in C:\Users\alber\Dropbox\Learn Altium Essentials - July 2021\2021_PCB_Project_PowerBoard\ISL6236A_DEMO.SchDoc with RNCF0805AKT10R0 from ISL6236A_DEMO.SchLib
Replace Part R3 RMCF0805ZT0R00 in C:\Users\alber\Dropbox\Learn Altium Essentials - July 2021\2021_PCB_Project_PowerBoard\ISL6236A_DEMO.SchDoc with RMCF0805ZT0R00 from ISL6236A_DEMO.SchLib
Replace Part R4 ERJ-6RQF1R0V in C:\Users\alber\Dropbox\Learn Altium Essentials - July 2021\2021_PCB_Project_PowerBoard\ISL6236A_DEMO.SchDoc with ERJ-6RQF1R0V from ISL6236A_DEMO.SchLib
Replace Part R5 ERJ-6RQF1R0V in C:\Users\alber\Dropbox\Learn Altium Essentials - July 2021\2021_PCB_Project_PowerBoard\ISL6236A_DEMO.SchDoc with ERJ-6RQF1R0V from ISL6236A_DEMO.SchLib
Replace Part R6 ERJ-6ENF2003V in C:\Users\alber\Dropbox\Learn Altium Essentials - July 2021\2021_PCB_Project_PowerBoard\ISL6236A_DEMO.SchDoc with ERJ-6ENF2003V from ISL6236A_DEMO.SchLib
Replace Part R7 ERJ-6ENF2003V in C:\Users\alber\Dropbox\Learn Altium Essentials - July 2021\2021_PCB_Project_PowerBoard\ISL6236A_DEMO.SchDoc with ERJ-6ENF2003V from ISL6236A_DEMO.SchLib
Replace Part R8 ERJ-6ENF2003V in C:\Users\alber\Dropbox\Learn Altium Essentials - July 2021\2021_PCB_Project_PowerBoard\ISL6236A_DEMO.SchDoc with ERJ-6ENF2003V from ISL6236A_DEMO.SchLib
Replace Part R9 ERJ-6ENF2003V in C:\Users\alber\Dropbox\Learn Altium Essentials - July 2021\2021_PCB_Project_PowerBoard\ISL6236A_DEMO.SchDoc with ERJ-6ENF2003V from ISL6236A_DEMO.SchLib
Replace Part R10 RNCF0805AKT10R0 in C:\Users\alber\Dropbox\Learn Altium Essentials - July 2021\2021_PCB_Project_PowerBoard\ISL6236A_DEMO.SchDoc with RNCF0805AKT10R0 from ISL6236A_DEMO.SchLib
Replace Part R11 RES in C:\Users\alber\Dropbox\Learn Altium Essentials - July 2021\2021_PCB_Project_PowerBoard\ISL6236A_DEMO.SchDoc with RES from ISL6236A_DEMO.SchLib
Replace Part R12 RMCF0805ZT0R00 in C:\Users\alber\Dropbox\Learn Altium Essentials - July 2021\2021_PCB_Project_PowerBoard\ISL6236A_DEMO.SchDoc with RMCF0805ZT0R00 from ISL6236A_DEMO.SchLib
Replace Part R13 RNCF0805AKT10R0 in C:\Users\alber\Dropbox\Learn Altium Essentials - July 2021\2021_PCB_Project_PowerBoard\ISL6236A_DEMO.SchDoc with RNCF0805AKT10R0 from ISL6236A_DEMO.SchLib
Replace Part R14 RES in C:\Users\alber\Dropbox\Learn Altium Essentials - July 2021\2021_PCB_Project_PowerBoard\ISL6236A_DEMO.SchDoc with RES from ISL6236A_DEMO.SchLib
Replace Part R15 RMCF0805ZT0R00 in C:\Users\alber\Dropbox\Learn Altium Essentials - July 2021\2021_PCB_Project_PowerBoard\ISL6236A_DEMO.SchDoc with RMCF0805ZT0R00 from ISL6236A_DEMO.SchLib
Replace Part R16 RES in C:\Users\alber\Dropbox\Learn Altium Essentials - July 2021\2021_PCB_Project_PowerBoard\ISL6236A_DEMO.SchDoc with RES from ISL6236A_DEMO.SchLib
Replace Part R17 RES in C:\Users\alber\Dropbox\Learn Altium Essentials - July 2021\2021_PCB_Project_PowerBoard\ISL6236A_DEMO.SchDoc with RES from ISL6236A_DEMO.SchLib
Replace Part R18 RES in C:\Users\alber\Dropbox\Learn Altium Essentials - July 2021\2021_PCB_Project_PowerBoard\ISL6236A_DEMO.SchDoc with RES from ISL6236A_DEMO.SchLib
Replace Part U1 ISL6236AIRZ in C:\Users\alber\Dropbox\Learn Altium Essentials - July 2021\2021_PCB_Project_PowerBoard\ISL6236A_DEMO.SchDoc with ISL6236AIRZ from ISL6236A_DEMO.SchLib
